<?xml version="1.0" encoding="UTF-8"?>
<!-- Generated by org.testng.reporters.JUnitXMLReporter -->
<testsuite hostname="EPUAKHAW5257" ignored="1" tests="4" failures="0" timestamp="29 Jan 2018 08:46:56 GMT" time="49.06" errors="0">
  <testcase name="searchWithCorrectData" time="3.138" classname="SearchTests"/>
  <testcase name="searchWithIncorrectData" time="2.139" classname="SearchTests"/>
  <testcase name="searchByProductCategory" time="6.956" classname="SearchTests"/>
  <testcase name="searchByProductCategoryWithAdditionalParameters" time="10.913" classname="SearchTests"/>
  <testcase name="searchWomenProducts" time="0.0" classname="SearchTests">
    <ignored/>
  </testcase> <!-- searchWomenProducts -->
</testsuite>
