<?xml version="1.0" encoding="UTF-8"?>
<testng-results skipped="0" failed="0" ignored="1" total="5" passed="4">
  <reporter-output>
  </reporter-output>
  <suite name="Search test suite" duration-ms="49060" started-at="2018-01-29T08:46:07Z" finished-at="2018-01-29T08:46:56Z">
    <groups>
    </groups>
    <test name="test" duration-ms="49060" started-at="2018-01-29T08:46:07Z" finished-at="2018-01-29T08:46:56Z">
      <class name="SearchTests">
        <test-method status="PASS" signature="init()[pri:0, instance:SearchTests@4157f54e]" name="init" is-config="true" duration-ms="16622" started-at="2018-01-29T10:46:07Z" finished-at="2018-01-29T10:46:24Z">
          <reporter-output>
          </reporter-output>
        </test-method> <!-- init -->
        <test-method status="PASS" signature="searchWithCorrectData()[pri:0, instance:SearchTests@4157f54e]" name="searchWithCorrectData" duration-ms="3138" started-at="2018-01-29T10:46:24Z" finished-at="2018-01-29T10:46:27Z">
          <reporter-output>
          </reporter-output>
        </test-method> <!-- searchWithCorrectData -->
        <test-method status="PASS" signature="afterMethod()[pri:0, instance:SearchTests@4157f54e]" name="afterMethod" is-config="true" duration-ms="1882" started-at="2018-01-29T10:46:27Z" finished-at="2018-01-29T10:46:29Z">
          <reporter-output>
          </reporter-output>
        </test-method> <!-- afterMethod -->
        <test-method status="PASS" signature="searchWithIncorrectData()[pri:0, instance:SearchTests@4157f54e]" name="searchWithIncorrectData" duration-ms="2139" started-at="2018-01-29T10:46:29Z" finished-at="2018-01-29T10:46:31Z">
          <reporter-output>
          </reporter-output>
        </test-method> <!-- searchWithIncorrectData -->
        <test-method status="PASS" signature="afterMethod()[pri:0, instance:SearchTests@4157f54e]" name="afterMethod" is-config="true" duration-ms="3027" started-at="2018-01-29T10:46:31Z" finished-at="2018-01-29T10:46:34Z">
          <reporter-output>
          </reporter-output>
        </test-method> <!-- afterMethod -->
        <test-method status="PASS" signature="searchByProductCategory()[pri:0, instance:SearchTests@4157f54e]" name="searchByProductCategory" duration-ms="6956" started-at="2018-01-29T10:46:34Z" finished-at="2018-01-29T10:46:41Z">
          <reporter-output>
          </reporter-output>
        </test-method> <!-- searchByProductCategory -->
        <test-method status="PASS" signature="afterMethod()[pri:0, instance:SearchTests@4157f54e]" name="afterMethod" is-config="true" duration-ms="1873" started-at="2018-01-29T10:46:41Z" finished-at="2018-01-29T10:46:43Z">
          <reporter-output>
          </reporter-output>
        </test-method> <!-- afterMethod -->
        <test-method status="PASS" signature="searchByProductCategoryWithAdditionalParameters()[pri:0, instance:SearchTests@4157f54e]" name="searchByProductCategoryWithAdditionalParameters" duration-ms="10913" started-at="2018-01-29T10:46:43Z" finished-at="2018-01-29T10:46:54Z">
          <reporter-output>
          </reporter-output>
        </test-method> <!-- searchByProductCategoryWithAdditionalParameters -->
        <test-method status="PASS" signature="afterMethod()[pri:0, instance:SearchTests@4157f54e]" name="afterMethod" is-config="true" duration-ms="2491" started-at="2018-01-29T10:46:54Z" finished-at="2018-01-29T10:46:56Z">
          <reporter-output>
          </reporter-output>
        </test-method> <!-- afterMethod -->
      </class> <!-- SearchTests -->
    </test> <!-- test -->
  </suite> <!-- Search test suite -->
</testng-results>
