<?xml version="1.0" encoding="UTF-8"?>
<testsuite xmlns:xsi="http://www.w3.org/2001/XMLSchema-instance" xsi:noNamespaceSchemaLocation="https://maven.apache.org/surefire/maven-surefire-plugin/xsd/surefire-test-report.xsd" name="TestSuite" time="97.973" tests="4" errors="0" skipped="0" failures="2">
  <properties>
[...]
</properties>
  <testcase name="searchWithCorrectData" classname="SearchTests" time="6.59"/>
  <testcase name="searchWithIncorrectData" classname="SearchTests" time="1.593"/>
  <testcase name="searchByProductCategory" classname="SearchTests" time="11.877">
    <failure message="Element not found {By.className: //li[@class=&apos;item&apos;]}&#10;Expected: visible" type="com.codeborne.selenide.ex.ElementNotFound">com.codeborne.selenide.ex.ElementNotFound: 
Element not found {By.className: //li[@class='item']}
Expected: visible
	at SearchTests.searchByProductCategory(SearchTests.java:39)
Caused by: java.lang.IndexOutOfBoundsException: Index: 2, Size: 0
	at SearchTests.searchByProductCategory(SearchTests.java:39)
</failure>
    <system-err><![CDATA[1517931395221	Marionette	DEBUG	Received DOM event "beforeunload" for "https://leboutique.com/catalog?query=%25%25%25%26%26%26%23%23%23&dest=global"
1517931395512	Marionette	DEBUG	Received DOM event "pagehide" for "https://leboutique.com/catalog?query=%25%25%25%26%26%26%23%23%23&dest=global"
1517931395513	Marionette	DEBUG	Received DOM event "unload" for "https://leboutique.com/catalog?query=%25%25%25%26%26%26%23%23%23&dest=global"
1517931396360	Marionette	DEBUG	Received DOM event "DOMContentLoaded" for "https://leboutique.com/"
1517931398526	Marionette	DEBUG	Received DOM event "pageshow" for "https://leboutique.com/"
1517931398908	Marionette	DEBUG	Received DOM event "beforeunload" for "https://leboutique.com/"
1517931399025	Marionette	DEBUG	Received observer notification "outer-window-destroyed" for "4294967387"
1517931399060	Marionette	DEBUG	Received observer notification "outer-window-destroyed" for "4294967389"
1517931399356	Marionette	DEBUG	Received DOM event "pagehide" for "https://leboutique.com/"
1517931399357	Marionette	DEBUG	Received DOM event "unload" for "https://leboutique.com/"
1517931401112	Marionette	DEBUG	Received observer notification "outer-window-destroyed" for "4294967366"
1517931401115	Marionette	DEBUG	Received observer notification "outer-window-destroyed" for "4294967368"
1517931401121	Marionette	DEBUG	Received observer notification "outer-window-destroyed" for "4294967370"
1517931401123	Marionette	DEBUG	Received observer notification "outer-window-destroyed" for "4294967372"
1517931401124	Marionette	DEBUG	Received observer notification "outer-window-destroyed" for "4294967373"
1517931401126	Marionette	DEBUG	Received observer notification "outer-window-destroyed" for "4294967377"
1517931401127	Marionette	DEBUG	Received observer notification "outer-window-destroyed" for "4294967383"
1517931401128	Marionette	DEBUG	Received observer notification "outer-window-destroyed" for "4294967380"
1517931401129	Marionette	DEBUG	Received observer notification "outer-window-destroyed" for "4294967385"
1517931401892	Marionette	DEBUG	Received DOM event "DOMContentLoaded" for "https://leboutique.com/catalog/women/dress"
1517931405010	Marionette	DEBUG	Received DOM event "pageshow" for "https://leboutique.com/catalog/women/dress"
]]></system-err>
  </testcase>
  <testcase name="searchByProductCategoryWithAdditionalParameters" classname="SearchTests" time="13.363">
    <failure message="Element not found {By.className: //li[@class=&apos;item&apos;]}&#10;Expected: visible" type="com.codeborne.selenide.ex.ElementNotFound">com.codeborne.selenide.ex.ElementNotFound: 
Element not found {By.className: //li[@class='item']}
Expected: visible
	at SearchTests.searchByProductCategoryWithAdditionalParameters(SearchTests.java:48)
Caused by: java.lang.IndexOutOfBoundsException: Index: 0, Size: 0
	at SearchTests.searchByProductCategoryWithAdditionalParameters(SearchTests.java:48)
</failure>
    <system-err><![CDATA[1517931410512	Marionette	DEBUG	Received DOM event "beforeunload" for "https://leboutique.com/catalog/women/dress"
1517931410693	Marionette	DEBUG	Received DOM event "pagehide" for "https://leboutique.com/catalog/women/dress"
1517931410750	Marionette	DEBUG	Received DOM event "unload" for "https://leboutique.com/catalog/women/dress"
1517931411525	Marionette	DEBUG	Received observer notification "outer-window-destroyed" for "4294967402"
1517931411525	Marionette	DEBUG	Received observer notification "outer-window-destroyed" for "4294967394"
1517931411526	Marionette	DEBUG	Received observer notification "outer-window-destroyed" for "4294967396"
1517931411527	Marionette	DEBUG	Received observer notification "outer-window-destroyed" for "4294967398"
1517931411527	Marionette	DEBUG	Received observer notification "outer-window-destroyed" for "4294967400"
1517931411528	Marionette	DEBUG	Received observer notification "outer-window-destroyed" for "4294967404"
1517931411529	Marionette	DEBUG	Received observer notification "outer-window-destroyed" for "4294967409"
1517931411529	Marionette	DEBUG	Received observer notification "outer-window-destroyed" for "4294967411"
1517931411530	Marionette	DEBUG	Received observer notification "outer-window-destroyed" for "4294967419"
1517931411531	Marionette	DEBUG	Received observer notification "outer-window-destroyed" for "4294967414"
1517931412448	Marionette	DEBUG	Received DOM event "DOMContentLoaded" for "https://leboutique.com/"
1517931412898	Marionette	DEBUG	Received DOM event "pageshow" for "https://leboutique.com/"
1517931413529	Marionette	DEBUG	Received DOM event "beforeunload" for "https://leboutique.com/"
JavaScript error: , line 0: uncaught exception: [object Object]
JavaScript error: , line 0: uncaught exception: [object Object]
1517931413712	Marionette	DEBUG	Received DOM event "pagehide" for "https://leboutique.com/"
1517931413714	Marionette	DEBUG	Received DOM event "unload" for "https://leboutique.com/"
1517931414661	Marionette	DEBUG	Received observer notification "outer-window-destroyed" for "4294967429"
1517931414661	Marionette	DEBUG	Received observer notification "outer-window-destroyed" for "4294967431"
1517931414662	Marionette	DEBUG	Received observer notification "outer-window-destroyed" for "4294967433"
1517931414663	Marionette	DEBUG	Received observer notification "outer-window-destroyed" for "4294967435"
1517931414663	Marionette	DEBUG	Received observer notification "outer-window-destroyed" for "4294967437"
1517931414664	Marionette	DEBUG	Received observer notification "outer-window-destroyed" for "4294967440"
1517931415522	Marionette	DEBUG	Received DOM event "DOMContentLoaded" for "https://leboutique.com/catalog/women/dress"
1517931416520	Marionette	DEBUG	Received DOM event "pageshow" for "https://leboutique.com/catalog/women/dress"
1517931417565	Marionette	DEBUG	Received DOM event "beforeunload" for "https://leboutique.com/catalog/women/dress"
1517931417975	Marionette	DEBUG	Received DOM event "pagehide" for "https://leboutique.com/catalog/women/dress"
1517931418012	Marionette	DEBUG	Received DOM event "unload" for "https://leboutique.com/catalog/women/dress"
1517931419910	Marionette	DEBUG	Received observer notification "outer-window-destroyed" for "4294967453"
1517931419911	Marionette	DEBUG	Received observer notification "outer-window-destroyed" for "4294967445"
1517931419912	Marionette	DEBUG	Received observer notification "outer-window-destroyed" for "4294967447"
1517931419913	Marionette	DEBUG	Received observer notification "outer-window-destroyed" for "4294967449"
1517931419913	Marionette	DEBUG	Received observer notification "outer-window-destroyed" for "4294967466"
1517931419915	Marionette	DEBUG	Received observer notification "outer-window-destroyed" for "4294967451"
1517931419916	Marionette	DEBUG	Received observer notification "outer-window-destroyed" for "4294967455"
1517931419917	Marionette	DEBUG	Received observer notification "outer-window-destroyed" for "4294967459"
1517931419918	Marionette	DEBUG	Received observer notification "outer-window-destroyed" for "4294967462"
1517931420504	Marionette	DEBUG	Received DOM event "DOMContentLoaded" for "https://leboutique.com/catalog/women/dress?p=-1500"
1517931421186	Marionette	DEBUG	Received DOM event "pageshow" for "https://leboutique.com/catalog/women/dress?p=-1500"
]]></system-err>
  </testcase>
</testsuite>